
> techer-me-frontend@0.1.0 build-storybook /Users/powwa/dev/works/techer-me-frontend
> storybook build "--output-dir" "/var/folders/kr/8wmqwy3x6y5cxddw6c9td95h0000gn/T/chromatic--13171-uz9RngwwImjO"

@storybook/cli v7.6.17

info => Cleaning outputDir: /var/folders/kr/8wmqwy3x6y5cxddw6c9td95h0000gn/T/chromatic--13171-uz9RngwwImjO
info => Loading presets
info => Building manager..
info => Manager built (181 ms)
info => Building preview..
info => Copying static files: /Users/powwa/dev/works/techer-me-frontend/node_modules/.pnpm/@storybook+manager@7.6.17/node_modules/@storybook/manager/static at /var/folders/kr/8wmqwy3x6y5cxddw6c9td95h0000gn/T/chromatic--13171-uz9RngwwImjO/sb-common-assets
WARN No story files found for the specified pattern: src/**/*.mdx
info Using SWC compiler
info Addon-docs: using MDX2
info => Using implicit CSS loaders
info => Using default Webpack5 setup
WARN asset size limit: The following asset(s) exceed the recommended size limit (244 KiB).
WARN This can impact web performance.
WARN Assets: 
WARN   54.5f0a5d5c.iframe.bundle.js (581 KiB)
WARN   28.701d421d.iframe.bundle.js (954 KiB)
WARN   74.b8c4a68b.iframe.bundle.js (731 KiB)
WARN entrypoint size limit: The following entrypoint(s) combined asset size exceeds the recommended limit (244 KiB). This can impact web performance.
WARN Entrypoints:
WARN   main (1000 KiB)
WARN       runtime~main.6905d078.iframe.bundle.js
WARN       28.701d421d.iframe.bundle.js
WARN       main.0bde9e9e.iframe.bundle.js
WARN 
info => Preview built (5.94 s)
info => Output directory: /var/folders/kr/8wmqwy3x6y5cxddw6c9td95h0000gn/T/chromatic--13171-uz9RngwwImjO
